<?xml version="1.0" encoding="UTF-8"?>
<!-- Generated by org.testng.reporters.JUnitXMLReporter -->
<testsuite ignored="0" hostname="LAPTOP-B44045F1" failures="1" tests="3" name="Test-2" time="43.496" errors="0" timestamp="2024-05-17T15:27:53 IST">
  <testcase classname="com.vtiger.contactmodule.Create_Contact_Module" name="createContactTest" time="8.285">
    <failure type="java.io.IOException" message="Can&amp;apos;t open workbook - unsupported file type: UNKNOWN">
      <![CDATA[java.io.IOException: Can't open workbook - unsupported file type: UNKNOWN
at org.apache.poi.ss.usermodel.WorkbookFactory.create(WorkbookFactory.java:228)
at org.apache.poi.ss.usermodel.WorkbookFactory.create(WorkbookFactory.java:185)
at com.comcast.crm.genericfileutility.ExcelUtility.getDataFromExcel(ExcelUtility.java:16)
at com.vtiger.contactmodule.Create_Contact_Module.createContactTest(Create_Contact_Module.java:24)
at java.base/java.util.ArrayList.forEach(ArrayList.java:1511)
at java.base/java.util.concurrent.FutureTask.run(FutureTask.java:317)
at java.base/java.util.concurrent.ThreadPoolExecutor.runWorker(ThreadPoolExecutor.java:1144)
at java.base/java.util.concurrent.ThreadPoolExecutor$Worker.run(ThreadPoolExecutor.java:642)
at java.base/java.lang.Thread.run(Thread.java:1589)
... Removed 15 stack frames]]>
    </failure>
  </testcase> <!-- createContactTest -->
  <testcase classname="com.vtiger.contactmodule.Create_Contact_Module" name="createContactWithOrg" time="0.0">
    <skipped/>
  </testcase> <!-- createContactWithOrg -->
  <testcase classname="com.vtiger.contactmodule.Create_Contact_Module" name="createContactWithSupportDate" time="0.0">
    <skipped/>
  </testcase> <!-- createContactWithSupportDate -->
</testsuite> <!-- Test-2 -->
