<?xml version="1.0" encoding="UTF-8"?>
<!-- Generated by org.testng.reporters.JUnitReportReporter -->
<testsuite hostname="LAPTOP-B44045F1" failures="0" tests="1" name="Advanced_Selenium_1.Read_DataFrom_tesNGXml" time="7.928" errors="0" timestamp="6 May 2024 10:32:50 GMT">
  <testcase classname="Advanced_Selenium_1.Read_DataFrom_tesNGXml" name="sampleTest" time="7.928"/>
</testsuite> <!-- Advanced_Selenium_1.Read_DataFrom_tesNGXml -->
