<?xml version="1.0" encoding="UTF-8"?>
<!-- Generated by org.testng.reporters.JUnitReportReporter -->
<testsuite hostname="LAPTOP-B44045F1" failures="0" tests="1" name="Advanced_Selenium_1.Xml_File_Practice" time="4.899" errors="0" timestamp="2024-05-08T13:05:55 IST" skipped="0">
  <testcase classname="Advanced_Selenium_1.Xml_File_Practice" name="creaeteOrg" time="4.899"/>
</testsuite> <!-- Advanced_Selenium_1.Xml_File_Practice -->
