<?xml version="1.0" encoding="UTF-8"?>
<!-- Generated by org.testng.reporters.JUnitReportReporter -->
<testsuite hostname="LAPTOP-B44045F1" failures="0" tests="2" name="practice.hometest.HomePageSampleTest_Reporte_Generation" time="0.021" errors="0" timestamp="2024-05-20T12:45:40 IST" skipped="0">
  <testcase classname="practice.hometest.HomePageSampleTest_Reporte_Generation" name="homePageTest" time="0.017">
    <system-out>
      <![CDATA[homePageTestTest start
step-1
step-2
step-3
step-4
homePageTestTest end]]>
    </system-out>
  </testcase> <!-- homePageTest -->
  <testcase classname="practice.hometest.HomePageSampleTest_Reporte_Generation" name="verifyLogoHomePageTest" time="0.004">
    <system-out>
      <![CDATA[verifyLogoHomePageTestTest start
step-1
step-2
step-3
step-4
verifyLogoHomePageTestTest end]]>
    </system-out>
  </testcase> <!-- verifyLogoHomePageTest -->
  <system-out>
    <![CDATA[homePageTestTest start
step-1
step-2
step-3
step-4
homePageTestTest end
verifyLogoHomePageTestTest start
step-1
step-2
step-3
step-4
verifyLogoHomePageTestTest end]]>
  </system-out>
</testsuite> <!-- practice.hometest.HomePageSampleTest_Reporte_Generation -->
