<?xml version="1.0" encoding="UTF-8"?>
<!-- Generated by org.testng.reporters.JUnitReportReporter -->
<testsuite hostname="LAPTOP-B44045F1" failures="0" tests="11" name="practice.testng.OrderTest2" time="0.018" errors="0" timestamp="2024-05-15T10:37:51 IST" skipped="1">
  <testcase classname="practice.testng.OrderTest2" name="createOrderTest" time="0.001"/>
  <testcase classname="practice.testng.OrderTest2" name="createOrderTest" time="0.001"/>
  <testcase classname="practice.testng.OrderTest2" name="createOrderTest" time="0.001"/>
  <testcase classname="practice.testng.OrderTest2" name="createOrderTest" time="0.001"/>
  <testcase classname="practice.testng.OrderTest2" name="createOrderTest" time="0.001"/>
  <testcase classname="practice.testng.OrderTest2" name="createOrderTest" time="0.001"/>
  <testcase classname="practice.testng.OrderTest2" name="createOrderTest" time="0.010"/>
  <testcase classname="practice.testng.OrderTest2" name="createOrderTest" time="0.000"/>
  <testcase classname="practice.testng.OrderTest2" name="createOrderTest" time="0.001"/>
  <testcase classname="practice.testng.OrderTest2" name="createOrderTest" time="0.001"/>
  <testcase classname="practice.testng.OrderTest2" name="billingAnOrderTest">
    <skipped/>
  </testcase> <!-- billingAnOrderTest -->
</testsuite> <!-- practice.testng.OrderTest2 -->
