<?xml version="1.0" encoding="UTF-8"?>
<!-- Generated by org.testng.reporters.JUnitReportReporter -->
<testsuite hostname="LAPTOP-B44045F1" failures="0" tests="1" name="practice.testng.SampleTestForScreenshot" time="6.066" errors="0" timestamp="2024-05-20T14:50:21 IST" skipped="0">
  <testcase classname="practice.testng.SampleTestForScreenshot" name="amazonTest" time="6.066"/>
</testsuite> <!-- practice.testng.SampleTestForScreenshot -->
