<?xml version="1.0" encoding="UTF-8"?>
<!-- Generated by org.testng.reporters.JUnitReportReporter -->
<testsuite hostname="LAPTOP-B44045F1" failures="0" tests="1" name="Advanced_Selenium_1.Expected_Data_In_Database_Practice" time="0.204" errors="0" timestamp="2024-05-08T15:43:15 IST" skipped="0">
  <testcase classname="Advanced_Selenium_1.Expected_Data_In_Database_Practice" name="check" time="0.204"/>
</testsuite> <!-- Advanced_Selenium_1.Expected_Data_In_Database_Practice -->
