<?xml version="1.0" encoding="UTF-8"?>
<!-- Generated by org.testng.reporters.JUnitReportReporter -->
<testsuite hostname="LAPTOP-B44045F1" failures="0" tests="2" name="practice.testng.OrderTest" time="0.010" errors="0" timestamp="2024-05-15T10:21:37 IST" skipped="0">
  <testcase classname="practice.testng.OrderTest" name="billingAnOrderTest" time="0.001"/>
  <testcase classname="practice.testng.OrderTest" name="createOrderTest" time="0.009"/>
</testsuite> <!-- practice.testng.OrderTest -->
