<?xml version="1.0" encoding="UTF-8"?>
<!-- Generated by org.testng.reporters.JUnitReportReporter -->
<testsuite hostname="LAPTOP-B44045F1" failures="0" tests="3" name="practice.testng.SampleTest" time="0.019" errors="0" timestamp="2024-05-16T15:47:26 IST" skipped="0">
  <testcase classname="practice.testng.SampleTest" name="createContactTest" time="0.015"/>
  <testcase classname="practice.testng.SampleTest" name="modifyContact" time="0.002"/>
  <testcase classname="practice.testng.SampleTest" name="deleteContact" time="0.002"/>
</testsuite> <!-- practice.testng.SampleTest -->
