<?xml version="1.0" encoding="UTF-8"?>
<!-- Generated by org.testng.reporters.JUnitReportReporter -->
<testsuite hostname="LAPTOP-B44045F1" failures="0" tests="2" name="practice.testng.Create_Contact_With_Baseclass" time="0.003" errors="0" timestamp="2024-05-17T10:42:35 IST" skipped="0">
  <testcase classname="practice.testng.Create_Contact_With_Baseclass" name="createContact" time="0.001"/>
  <testcase classname="practice.testng.Create_Contact_With_Baseclass" name="createContactwithDate" time="0.002"/>
</testsuite> <!-- practice.testng.Create_Contact_With_Baseclass -->
