<?xml version="1.0" encoding="UTF-8"?>
<!-- Generated by org.testng.reporters.JUnitReportReporter -->
<testsuite hostname="LAPTOP-B44045F1" failures="0" tests="2" name="practice.testng.CreateContactTest" time="0.011" errors="0" timestamp="2024-05-16T10:20:46 IST" skipped="0">
  <testcase classname="practice.testng.CreateContactTest" name="createContactWithSupportDateTest" time="0.001"/>
  <testcase classname="practice.testng.CreateContactTest" name="createContactTest" time="0.010"/>
</testsuite> <!-- practice.testng.CreateContactTest -->
