<?xml version="1.0" encoding="UTF-8"?>
<!-- Generated by org.testng.reporters.JUnitReportReporter -->
<testsuite hostname="LAPTOP-B44045F1" failures="0" tests="1" name="practice.pom.repository.SampleTestWithPOM" time="11.168" errors="0" timestamp="2024-05-13T12:27:32 IST" skipped="0">
  <testcase classname="practice.pom.repository.SampleTestWithPOM" name="sampleTest" time="11.168"/>
</testsuite> <!-- practice.pom.repository.SampleTestWithPOM -->
