<?xml version="1.0" encoding="UTF-8"?>
<!-- Generated by org.testng.reporters.JUnitReportReporter -->
<testsuite hostname="LAPTOP-B44045F1" failures="0" tests="1" name="practice.testng.Working_With_Screenshot" time="3.811" errors="0" timestamp="2024-05-21T11:33:25 IST" skipped="0">
  <testcase classname="practice.testng.Working_With_Screenshot" name="flipkartTest" time="3.811"/>
</testsuite> <!-- practice.testng.Working_With_Screenshot -->
