<?xml version="1.0" encoding="UTF-8"?>
<!-- Generated by org.testng.reporters.JUnitReportReporter -->
<testsuite hostname="LAPTOP-B44045F1" failures="0" tests="2" name="practice.testng.Create_Organization_With_Baseclass" time="0.013" errors="0" timestamp="2024-05-17T12:48:42 IST" skipped="0">
  <testcase classname="practice.testng.Create_Organization_With_Baseclass" name="createOrgWithIndustry" time="0.003"/>
  <testcase classname="practice.testng.Create_Organization_With_Baseclass" name="createOrgTest" time="0.010"/>
</testsuite> <!-- practice.testng.Create_Organization_With_Baseclass -->
