<?xml version="1.0" encoding="UTF-8"?>
<!-- Generated by org.testng.reporters.JUnitReportReporter -->
<testsuite hostname="LAPTOP-B44045F1" failures="0" tests="3" name="practice.testng.Create_Contact_Using_Data_Provider" time="0.020" errors="0" timestamp="2024-05-15T12:25:02 IST" skipped="0">
  <testcase classname="practice.testng.Create_Contact_Using_Data_Provider" name="createContactTest" time="0.002"/>
  <testcase classname="practice.testng.Create_Contact_Using_Data_Provider" name="createContactTest" time="0.016"/>
  <testcase classname="practice.testng.Create_Contact_Using_Data_Provider" name="createContactTest" time="0.002"/>
</testsuite> <!-- practice.testng.Create_Contact_Using_Data_Provider -->
